{"C:\\Users\\emilh\\OneDrive\\Skrivebord\\travel-destination\\src\\controllers\\authController": {"path":"C:\\Users\\emilh\\OneDrive\\Skrivebord\\travel-destination\\src\\controllers\\authController","statementMap":{"0":{"start":{"line":1,"column":13},"end":{"line":1,"column":43}},"1":{"start":{"line":2,"column":15},"end":{"line":2,"column":47}},"2":{"start":{"line":3,"column":15},"end":{"line":3,"column":32}},"3":{"start":{"line":4,"column":12},"end":{"line":4,"column":35}},"4":{"start":{"line":6,"column":18},"end":{"line":6,"column":40}},"5":{"start":{"line":8,"column":21},"end":{"line":44,"column":1}},"6":{"start":{"line":9,"column":40},"end":{"line":9,"column":48}},"7":{"start":{"line":12,"column":2},"end":{"line":16,"column":3}},"8":{"start":{"line":13,"column":4},"end":{"line":15,"column":64}},"9":{"start":{"line":18,"column":2},"end":{"line":43,"column":3}},"10":{"start":{"line":20,"column":23},"end":{"line":20,"column":52}},"11":{"start":{"line":21,"column":4},"end":{"line":23,"column":5}},"12":{"start":{"line":22,"column":6},"end":{"line":22,"column":71}},"13":{"start":{"line":26,"column":17},"end":{"line":26,"column":41}},"14":{"start":{"line":27,"column":27},"end":{"line":27,"column":60}},"15":{"start":{"line":29,"column":20},"end":{"line":33,"column":6}},"16":{"start":{"line":35,"column":22},"end":{"line":35,"column":42}},"17":{"start":{"line":37,"column":4},"end":{"line":40,"column":9}},"18":{"start":{"line":42,"column":4},"end":{"line":42,"column":76}},"19":{"start":{"line":46,"column":18},"end":{"line":79,"column":1}},"20":{"start":{"line":47,"column":30},"end":{"line":47,"column":38}},"21":{"start":{"line":50,"column":2},"end":{"line":52,"column":3}},"22":{"start":{"line":51,"column":4},"end":{"line":51,"column":83}},"23":{"start":{"line":54,"column":2},"end":{"line":78,"column":3}},"24":{"start":{"line":56,"column":17},"end":{"line":56,"column":46}},"25":{"start":{"line":57,"column":4},"end":{"line":59,"column":5}},"26":{"start":{"line":58,"column":6},"end":{"line":58,"column":77}},"27":{"start":{"line":62,"column":20},"end":{"line":62,"column":65}},"28":{"start":{"line":63,"column":4},"end":{"line":65,"column":5}},"29":{"start":{"line":64,"column":6},"end":{"line":64,"column":77}},"30":{"start":{"line":68,"column":18},"end":{"line":68,"column":80}},"31":{"start":{"line":70,"column":4},"end":{"line":74,"column":7}},"32":{"start":{"line":76,"column":4},"end":{"line":76,"column":25}},"33":{"start":{"line":77,"column":4},"end":{"line":77,"column":54}},"34":{"start":{"line":81,"column":23},"end":{"line":114,"column":1}},"35":{"start":{"line":82,"column":39},"end":{"line":82,"column":47}},"36":{"start":{"line":84,"column":2},"end":{"line":86,"column":3}},"37":{"start":{"line":85,"column":4},"end":{"line":85,"column":86}},"38":{"start":{"line":88,"column":2},"end":{"line":113,"column":3}},"39":{"start":{"line":89,"column":17},"end":{"line":89,"column":46}},"40":{"start":{"line":91,"column":4},"end":{"line":93,"column":5}},"41":{"start":{"line":92,"column":6},"end":{"line":92,"column":66}},"42":{"start":{"line":96,"column":20},"end":{"line":96,"column":68}},"43":{"start":{"line":98,"column":4},"end":{"line":100,"column":5}},"44":{"start":{"line":99,"column":6},"end":{"line":99,"column":77}},"45":{"start":{"line":103,"column":17},"end":{"line":103,"column":41}},"46":{"start":{"line":104,"column":4},"end":{"line":104,"column":57}},"47":{"start":{"line":107,"column":4},"end":{"line":107,"column":22}},"48":{"start":{"line":109,"column":4},"end":{"line":109,"column":72}},"49":{"start":{"line":111,"column":4},"end":{"line":111,"column":33}},"50":{"start":{"line":112,"column":4},"end":{"line":112,"column":55}},"51":{"start":{"line":115,"column":21},"end":{"line":145,"column":1}},"52":{"start":{"line":116,"column":68},"end":{"line":116,"column":76}},"53":{"start":{"line":119,"column":2},"end":{"line":121,"column":3}},"54":{"start":{"line":120,"column":4},"end":{"line":120,"column":84}},"55":{"start":{"line":123,"column":2},"end":{"line":144,"column":3}},"56":{"start":{"line":124,"column":22},"end":{"line":132,"column":6}},"57":{"start":{"line":134,"column":24},"end":{"line":134,"column":46}},"58":{"start":{"line":136,"column":4},"end":{"line":140,"column":7}},"59":{"start":{"line":142,"column":4},"end":{"line":142,"column":33}},"60":{"start":{"line":143,"column":4},"end":{"line":143,"column":80}},"61":{"start":{"line":147,"column":21},"end":{"line":169,"column":1}},"62":{"start":{"line":148,"column":17},"end":{"line":148,"column":27}},"63":{"start":{"line":150,"column":2},"end":{"line":168,"column":3}},"64":{"start":{"line":152,"column":19},"end":{"line":152,"column":44}},"65":{"start":{"line":153,"column":4},"end":{"line":155,"column":5}},"66":{"start":{"line":154,"column":6},"end":{"line":154,"column":74}},"67":{"start":{"line":162,"column":4},"end":{"line":162,"column":39}},"68":{"start":{"line":164,"column":4},"end":{"line":164,"column":76}},"69":{"start":{"line":166,"column":4},"end":{"line":166,"column":33}},"70":{"start":{"line":167,"column":4},"end":{"line":167,"column":86}},"71":{"start":{"line":171,"column":21},"end":{"line":202,"column":1}},"72":{"start":{"line":172,"column":17},"end":{"line":172,"column":27}},"73":{"start":{"line":173,"column":23},"end":{"line":173,"column":31}},"74":{"start":{"line":175,"column":2},"end":{"line":201,"column":3}},"75":{"start":{"line":176,"column":19},"end":{"line":176,"column":44}},"76":{"start":{"line":178,"column":4},"end":{"line":180,"column":5}},"77":{"start":{"line":179,"column":6},"end":{"line":179,"column":74}},"78":{"start":{"line":187,"column":4},"end":{"line":189,"column":7}},"79":{"start":{"line":188,"column":6},"end":{"line":188,"column":42}},"80":{"start":{"line":191,"column":26},"end":{"line":191,"column":45}},"81":{"start":{"line":193,"column":4},"end":{"line":197,"column":7}},"82":{"start":{"line":199,"column":4},"end":{"line":199,"column":33}},"83":{"start":{"line":200,"column":4},"end":{"line":200,"column":86}},"84":{"start":{"line":203,"column":0},"end":{"line":203,"column":103}}},"fnMap":{"0":{"name":"(anonymous_0)","decl":{"start":{"line":8,"column":21},"end":{"line":8,"column":22}},"loc":{"start":{"line":8,"column":41},"end":{"line":44,"column":1}},"line":8},"1":{"name":"(anonymous_1)","decl":{"start":{"line":46,"column":18},"end":{"line":46,"column":19}},"loc":{"start":{"line":46,"column":38},"end":{"line":79,"column":1}},"line":46},"2":{"name":"(anonymous_2)","decl":{"start":{"line":81,"column":23},"end":{"line":81,"column":24}},"loc":{"start":{"line":81,"column":43},"end":{"line":114,"column":1}},"line":81},"3":{"name":"(anonymous_3)","decl":{"start":{"line":115,"column":21},"end":{"line":115,"column":22}},"loc":{"start":{"line":115,"column":41},"end":{"line":145,"column":1}},"line":115},"4":{"name":"(anonymous_4)","decl":{"start":{"line":147,"column":21},"end":{"line":147,"column":22}},"loc":{"start":{"line":147,"column":41},"end":{"line":169,"column":1}},"line":147},"5":{"name":"(anonymous_5)","decl":{"start":{"line":171,"column":21},"end":{"line":171,"column":22}},"loc":{"start":{"line":171,"column":41},"end":{"line":202,"column":1}},"line":171},"6":{"name":"(anonymous_6)","decl":{"start":{"line":187,"column":38},"end":{"line":187,"column":39}},"loc":{"start":{"line":187,"column":47},"end":{"line":189,"column":5}},"line":187}},"branchMap":{"0":{"loc":{"start":{"line":12,"column":2},"end":{"line":16,"column":3}},"type":"if","locations":[{"start":{"line":12,"column":2},"end":{"line":16,"column":3}},{"start":{},"end":{}}],"line":12},"1":{"loc":{"start":{"line":12,"column":6},"end":{"line":12,"column":38}},"type":"binary-expr","locations":[{"start":{"line":12,"column":6},"end":{"line":12,"column":15}},{"start":{"line":12,"column":19},"end":{"line":12,"column":25}},{"start":{"line":12,"column":29},"end":{"line":12,"column":38}}],"line":12},"2":{"loc":{"start":{"line":21,"column":4},"end":{"line":23,"column":5}},"type":"if","locations":[{"start":{"line":21,"column":4},"end":{"line":23,"column":5}},{"start":{},"end":{}}],"line":21},"3":{"loc":{"start":{"line":50,"column":2},"end":{"line":52,"column":3}},"type":"if","locations":[{"start":{"line":50,"column":2},"end":{"line":52,"column":3}},{"start":{},"end":{}}],"line":50},"4":{"loc":{"start":{"line":50,"column":6},"end":{"line":50,"column":25}},"type":"binary-expr","locations":[{"start":{"line":50,"column":6},"end":{"line":50,"column":12}},{"start":{"line":50,"column":16},"end":{"line":50,"column":25}}],"line":50},"5":{"loc":{"start":{"line":57,"column":4},"end":{"line":59,"column":5}},"type":"if","locations":[{"start":{"line":57,"column":4},"end":{"line":59,"column":5}},{"start":{},"end":{}}],"line":57},"6":{"loc":{"start":{"line":63,"column":4},"end":{"line":65,"column":5}},"type":"if","locations":[{"start":{"line":63,"column":4},"end":{"line":65,"column":5}},{"start":{},"end":{}}],"line":63},"7":{"loc":{"start":{"line":84,"column":2},"end":{"line":86,"column":3}},"type":"if","locations":[{"start":{"line":84,"column":2},"end":{"line":86,"column":3}},{"start":{},"end":{}}],"line":84},"8":{"loc":{"start":{"line":84,"column":6},"end":{"line":84,"column":34}},"type":"binary-expr","locations":[{"start":{"line":84,"column":6},"end":{"line":84,"column":18}},{"start":{"line":84,"column":22},"end":{"line":84,"column":34}}],"line":84},"9":{"loc":{"start":{"line":91,"column":4},"end":{"line":93,"column":5}},"type":"if","locations":[{"start":{"line":91,"column":4},"end":{"line":93,"column":5}},{"start":{},"end":{}}],"line":91},"10":{"loc":{"start":{"line":98,"column":4},"end":{"line":100,"column":5}},"type":"if","locations":[{"start":{"line":98,"column":4},"end":{"line":100,"column":5}},{"start":{},"end":{}}],"line":98},"11":{"loc":{"start":{"line":119,"column":2},"end":{"line":121,"column":3}},"type":"if","locations":[{"start":{"line":119,"column":2},"end":{"line":121,"column":3}},{"start":{},"end":{}}],"line":119},"12":{"loc":{"start":{"line":119,"column":6},"end":{"line":119,"column":57}},"type":"binary-expr","locations":[{"start":{"line":119,"column":6},"end":{"line":119,"column":12}},{"start":{"line":119,"column":16},"end":{"line":119,"column":25}},{"start":{"line":119,"column":29},"end":{"line":119,"column":36}},{"start":{"line":119,"column":40},"end":{"line":119,"column":57}}],"line":119},"13":{"loc":{"start":{"line":153,"column":4},"end":{"line":155,"column":5}},"type":"if","locations":[{"start":{"line":153,"column":4},"end":{"line":155,"column":5}},{"start":{},"end":{}}],"line":153},"14":{"loc":{"start":{"line":178,"column":4},"end":{"line":180,"column":5}},"type":"if","locations":[{"start":{"line":178,"column":4},"end":{"line":180,"column":5}},{"start":{},"end":{}}],"line":178}},"s":{"0":1,"1":1,"2":1,"3":1,"4":1,"5":1,"6":4,"7":4,"8":1,"9":3,"10":3,"11":2,"12":1,"13":1,"14":1,"15":1,"16":1,"17":1,"18":1,"19":1,"20":0,"21":0,"22":0,"23":0,"24":0,"25":0,"26":0,"27":0,"28":0,"29":0,"30":0,"31":0,"32":0,"33":0,"34":1,"35":0,"36":0,"37":0,"38":0,"39":0,"40":0,"41":0,"42":0,"43":0,"44":0,"45":0,"46":0,"47":0,"48":0,"49":0,"50":0,"51":1,"52":0,"53":0,"54":0,"55":0,"56":0,"57":0,"58":0,"59":0,"60":0,"61":1,"62":0,"63":0,"64":0,"65":0,"66":0,"67":0,"68":0,"69":0,"70":0,"71":1,"72":0,"73":0,"74":0,"75":0,"76":0,"77":0,"78":0,"79":0,"80":0,"81":0,"82":0,"83":0,"84":1},"f":{"0":4,"1":0,"2":0,"3":0,"4":0,"5":0,"6":0},"b":{"0":[1,3],"1":[4,3,3],"2":[1,1],"3":[0,0],"4":[0,0],"5":[0,0],"6":[0,0],"7":[0,0],"8":[0,0],"9":[0,0],"10":[0,0],"11":[0,0],"12":[0,0,0,0],"13":[0,0],"14":[0,0]},"inputSourceMap":null,"_coverageSchema":"1a1c01bbd47fc00a2c39e90264f33305004495a9","hash":"b934ac12d029c6a3864f0f968f6855eb24a6cccf"}
,"C:\\Users\\emilh\\OneDrive\\Skrivebord\\travel-destination\\src\\controllers\\travelController.js": {"path":"C:\\Users\\emilh\\OneDrive\\Skrivebord\\travel-destination\\src\\controllers\\travelController.js","statementMap":{"0":{"start":{"line":1,"column":15},"end":{"line":1,"column":47}},"1":{"start":{"line":4,"column":19},"end":{"line":19,"column":1}},"2":{"start":{"line":5,"column":2},"end":{"line":18,"column":3}},"3":{"start":{"line":6,"column":20},"end":{"line":6,"column":39}},"4":{"start":{"line":7,"column":4},"end":{"line":11,"column":7}},"5":{"start":{"line":13,"column":4},"end":{"line":13,"column":33}},"6":{"start":{"line":14,"column":4},"end":{"line":17,"column":7}},"7":{"start":{"line":22,"column":0},"end":{"line":22,"column":32}}},"fnMap":{"0":{"name":"(anonymous_0)","decl":{"start":{"line":4,"column":19},"end":{"line":4,"column":20}},"loc":{"start":{"line":4,"column":39},"end":{"line":19,"column":1}},"line":4}},"branchMap":{},"s":{"0":1,"1":1,"2":2,"3":2,"4":1,"5":1,"6":1,"7":1},"f":{"0":2},"b":{},"_coverageSchema":"1a1c01bbd47fc00a2c39e90264f33305004495a9","hash":"645baefa9de46acde84c21858282e7b52b900a7b"}
,"C:\\Users\\emilh\\OneDrive\\Skrivebord\\travel-destination\\src\\models\\travelModel.js": {"path":"C:\\Users\\emilh\\OneDrive\\Skrivebord\\travel-destination\\src\\models\\travelModel.js","statementMap":{"0":{"start":{"line":1,"column":17},"end":{"line":1,"column":36}},"1":{"start":{"line":3,"column":21},"end":{"line":16,"column":2}},"2":{"start":{"line":18,"column":15},"end":{"line":18,"column":53}},"3":{"start":{"line":19,"column":0},"end":{"line":19,"column":24}}},"fnMap":{},"branchMap":{},"s":{"0":2,"1":2,"2":2,"3":2},"f":{},"b":{},"_coverageSchema":"1a1c01bbd47fc00a2c39e90264f33305004495a9","hash":"bd4c6311ab25272d9c330fffe9ab6ac736d9ec9e"}
,"C:\\Users\\emilh\\OneDrive\\Skrivebord\\travel-destination\\src\\models\\userModel.js": {"path":"C:\\Users\\emilh\\OneDrive\\Skrivebord\\travel-destination\\src\\models\\userModel.js","statementMap":{"0":{"start":{"line":1,"column":17},"end":{"line":1,"column":36}},"1":{"start":{"line":2,"column":15},"end":{"line":2,"column":32}},"2":{"start":{"line":4,"column":19},"end":{"line":8,"column":2}},"3":{"start":{"line":10,"column":13},"end":{"line":10,"column":47}},"4":{"start":{"line":11,"column":0},"end":{"line":11,"column":22}}},"fnMap":{},"branchMap":{},"s":{"0":1,"1":1,"2":1,"3":1,"4":1},"f":{},"b":{},"_coverageSchema":"1a1c01bbd47fc00a2c39e90264f33305004495a9","hash":"26fa221e608e5e0113fee3ce9ffe36b417b4cafb"}
}
