TN:
SF:src\controllers\authController
FN:8,(anonymous_0)
FN:46,(anonymous_1)
FN:81,(anonymous_2)
FN:115,(anonymous_3)
FN:147,(anonymous_4)
FN:171,(anonymous_5)
FN:187,(anonymous_6)
FNF:7
FNH:1
FNDA:4,(anonymous_0)
FNDA:0,(anonymous_1)
FNDA:0,(anonymous_2)
FNDA:0,(anonymous_3)
FNDA:0,(anonymous_4)
FNDA:0,(anonymous_5)
FNDA:0,(anonymous_6)
DA:1,1
DA:2,1
DA:3,1
DA:4,1
DA:6,1
DA:8,1
DA:9,4
DA:12,4
DA:13,1
DA:18,3
DA:20,3
DA:21,2
DA:22,1
DA:26,1
DA:27,1
DA:29,1
DA:35,1
DA:37,1
DA:42,1
DA:46,1
DA:47,0
DA:50,0
DA:51,0
DA:54,0
DA:56,0
DA:57,0
DA:58,0
DA:62,0
DA:63,0
DA:64,0
DA:68,0
DA:70,0
DA:76,0
DA:77,0
DA:81,1
DA:82,0
DA:84,0
DA:85,0
DA:88,0
DA:89,0
DA:91,0
DA:92,0
DA:96,0
DA:98,0
DA:99,0
DA:103,0
DA:104,0
DA:107,0
DA:109,0
DA:111,0
DA:112,0
DA:115,1
DA:116,0
DA:119,0
DA:120,0
DA:123,0
DA:124,0
DA:134,0
DA:136,0
DA:142,0
DA:143,0
DA:147,1
DA:148,0
DA:150,0
DA:152,0
DA:153,0
DA:154,0
DA:162,0
DA:164,0
DA:166,0
DA:167,0
DA:171,1
DA:172,0
DA:173,0
DA:175,0
DA:176,0
DA:178,0
DA:179,0
DA:187,0
DA:188,0
DA:191,0
DA:193,0
DA:199,0
DA:200,0
DA:203,1
LF:85
LH:25
BRDA:12,0,0,1
BRDA:12,0,1,3
BRDA:12,1,0,4
BRDA:12,1,1,3
BRDA:12,1,2,3
BRDA:21,2,0,1
BRDA:21,2,1,1
BRDA:50,3,0,0
BRDA:50,3,1,0
BRDA:50,4,0,0
BRDA:50,4,1,0
BRDA:57,5,0,0
BRDA:57,5,1,0
BRDA:63,6,0,0
BRDA:63,6,1,0
BRDA:84,7,0,0
BRDA:84,7,1,0
BRDA:84,8,0,0
BRDA:84,8,1,0
BRDA:91,9,0,0
BRDA:91,9,1,0
BRDA:98,10,0,0
BRDA:98,10,1,0
BRDA:119,11,0,0
BRDA:119,11,1,0
BRDA:119,12,0,0
BRDA:119,12,1,0
BRDA:119,12,2,0
BRDA:119,12,3,0
BRDA:153,13,0,0
BRDA:153,13,1,0
BRDA:178,14,0,0
BRDA:178,14,1,0
BRF:33
BRH:7
end_of_record
TN:
SF:src\controllers\travelController.js
FN:4,(anonymous_0)
FNF:1
FNH:1
FNDA:2,(anonymous_0)
DA:1,1
DA:4,1
DA:5,2
DA:6,2
DA:7,1
DA:13,1
DA:14,1
DA:22,1
LF:8
LH:8
BRF:0
BRH:0
end_of_record
TN:
SF:src\models\travelModel.js
FNF:0
FNH:0
DA:1,2
DA:3,2
DA:18,2
DA:19,2
LF:4
LH:4
BRF:0
BRH:0
end_of_record
TN:
SF:src\models\userModel.js
FNF:0
FNH:0
DA:1,1
DA:2,1
DA:4,1
DA:10,1
DA:11,1
LF:5
LH:5
BRF:0
BRH:0
end_of_record
